[INFO] 14:48:26:943 gameboy/(9865:9865): Conexion establecida con [Team]
[INFO] 14:48:26:943 gameboy/(9865:9865): Mensaje enviado a [Team]: APPEARED_POKEMON pikachu 1 1
[INFO] 22:18:01:357 gameboy/(19299:19299): Conexion establecida con [Broker]
[INFO] 22:18:01:378 gameboy/(19299:19299): Mensaje enviado a [Broker]: NEW_POKEMON pikachu 1 1 2
[INFO] 14:30:58:340 gameboy/(10656:10656): Conexion establecida con [Team]
[INFO] 14:30:58:340 gameboy/(10656:10656): Mensaje enviado a [Team]: APPEARED_POKEMON pikachu 1 1
[INFO] 14:31:44:700 gameboy/(10705:10705): Conexion establecida con [Team]
[INFO] 14:31:44:700 gameboy/(10705:10705): Mensaje enviado a [Team]: APPEARED_POKEMON pikachu 1 1
[INFO] 14:37:24:586 gameboy/(11000:11000): Conexion establecida con [Team]
[INFO] 14:37:24:587 gameboy/(11000:11000): Mensaje enviado a [Team]: APPEARED_POKEMON pikachu 1 1
[INFO] 14:38:10:12 gameboy/(11047:11047): Conexion establecida con [Team]
[INFO] 14:38:10:12 gameboy/(11047:11047): Mensaje enviado a [Team]: APPEARED_POKEMON pikachu 1 1
[INFO] 14:42:55:937 gameboy/(20563:20563): Conexion establecida con [Team]
[INFO] 14:42:55:937 gameboy/(20563:20563): Mensaje enviado a [Team]: APPEARED_POKEMON pikachu 1 1
[INFO] 14:45:13:804 gameboy/(20680:20680): Conexion establecida con [Team]
[INFO] 14:45:13:804 gameboy/(20680:20680): Mensaje enviado a [Team]: APPEARED_POKEMON pikachu 1 1
[INFO] 14:46:01:691 gameboy/(20760:20760): Conexion establecida con [Team]
[INFO] 14:46:01:691 gameboy/(20760:20760): Mensaje enviado a [Team]: APPEARED_POKEMON pikachu 1 1
[INFO] 14:46:43:140 gameboy/(20807:20807): Conexion establecida con [Team]
[INFO] 14:46:43:140 gameboy/(20807:20807): Mensaje enviado a [Team]: APPEARED_POKEMON pikachu 1 1
[INFO] 14:47:42:215 gameboy/(20822:20822): Conexion establecida con [Team]
[INFO] 14:47:42:216 gameboy/(20822:20822): Mensaje enviado a [Team]: APPEARED_POKEMON Pikachu 1 1
[INFO] 14:50:08:733 gameboy/(20998:20998): Conexion establecida con [Team]
[INFO] 14:50:08:734 gameboy/(20998:20998): Mensaje enviado a [Team]: APPEARED_POKEMON Pikachu 1 1
[INFO] 14:50:56:715 gameboy/(21056:21056): Conexion establecida con [Team]
[INFO] 14:50:56:715 gameboy/(21056:21056): Mensaje enviado a [Team]: APPEARED_POKEMON Pikachu 1 1
[INFO] 14:54:40:77 gameboy/(21252:21252): Conexion establecida con [Team]
[INFO] 14:54:40:77 gameboy/(21252:21252): Mensaje enviado a [Team]: APPEARED_POKEMON Pikachu 1 1
[INFO] 14:57:36:307 gameboy/(21451:21451): Conexion establecida con [Team]
[INFO] 14:57:36:307 gameboy/(21451:21451): Mensaje enviado a [Team]: APPEARED_POKEMON Pikachu 1 1
[INFO] 15:04:28:665 gameboy/(21854:21854): Conexion establecida con [Team]
[INFO] 15:04:28:666 gameboy/(21854:21854): Mensaje enviado a [Team]: APPEARED_POKEMON Pikachu 1 1
[INFO] 15:05:41:431 gameboy/(21924:21924): Conexion establecida con [Team]
[INFO] 15:05:41:431 gameboy/(21924:21924): Mensaje enviado a [Team]: APPEARED_POKEMON Pikachu 1 1
[INFO] 15:06:38:993 gameboy/(21976:21976): Conexion establecida con [Team]
[INFO] 15:06:38:993 gameboy/(21976:21976): Mensaje enviado a [Team]: APPEARED_POKEMON Pikachu 1 1
